<?xml version="1.0" encoding="UTF-8"?>
<!-- Generated by org.testng.reporters.JUnitXMLReporter -->
<testsuite ignored="0" hostname="Suchitas-MacBook-Air.local" failures="0" tests="3" name="Default test" time="5.438" errors="0" timestamp="2025-07-14T14:27:35 IST">
  <testcase classname="SauceDemoTests.SauceTest" name="LoginTest" time="3.061"/>
  <testcase classname="SauceDemoTests.SauceTest" name="LoginTest" time="0.107"/>
  <testcase classname="SauceDemoTests.SauceTest" name="LoginTest" time="0.104"/>
</testsuite> <!-- Default test -->
