<?xml version="1.0" encoding="UTF-8"?>
<testng-results ignored="0" total="1" passed="1" failed="0" skipped="0">
  <reporter-output>
  </reporter-output>
  <suite started-at="2025-07-14T12:37:41 IST" name="Surefire suite" finished-at="2025-07-14T12:37:41 IST" duration-ms="21">
    <groups>
    </groups>
    <test started-at="2025-07-14T12:37:41 IST" name="Surefire test" finished-at="2025-07-14T12:37:41 IST" duration-ms="21">
      <class name="SampleTest">
        <test-method signature="test()[pri:0, instance:SampleTest@275710fc]" started-at="2025-07-14T12:37:41 IST" name="test" finished-at="2025-07-14T12:37:41 IST" duration-ms="2" status="PASS">
          <reporter-output>
          </reporter-output>
        </test-method> <!-- test -->
      </class> <!-- SampleTest -->
    </test> <!-- Surefire test -->
  </suite> <!-- Surefire suite -->
</testng-results>
