<?xml version="1.0" encoding="UTF-8"?>
<testng-results ignored="0" total="3" passed="3" failed="0" skipped="0">
  <reporter-output>
  </reporter-output>
  <suite started-at="2025-07-14T14:27:29 IST" name="Default suite" finished-at="2025-07-14T14:27:35 IST" duration-ms="5438">
    <groups>
    </groups>
    <test started-at="2025-07-14T14:27:29 IST" name="Default test" finished-at="2025-07-14T14:27:35 IST" duration-ms="5438">
      <class name="SauceDemoTests.SauceTest">
        <test-method is-config="true" signature="setUp()[pri:0, instance:SauceDemoTests.SauceTest@15ff3e9e]" started-at="2025-07-14T14:27:29 IST" name="setUp" finished-at="2025-07-14T14:27:31 IST" duration-ms="1938" status="PASS">
          <reporter-output>
          </reporter-output>
        </test-method> <!-- setUp -->
        <test-method signature="LoginTest(pojos.Credentials)[pri:0, instance:SauceDemoTests.SauceTest@15ff3e9e]" started-at="2025-07-14T14:27:31 IST" name="LoginTest" data-provider="JsonData" finished-at="2025-07-14T14:27:34 IST" duration-ms="3061" status="PASS">
          <params>
            <param index="0">
              <value>
                <![CDATA[pojos.Credentials@35038141]]>
              </value>
            </param>
          </params>
          <reporter-output>
          </reporter-output>
        </test-method> <!-- LoginTest -->
        <test-method signature="LoginTest(pojos.Credentials)[pri:0, instance:SauceDemoTests.SauceTest@15ff3e9e]" started-at="2025-07-14T14:27:34 IST" name="LoginTest" data-provider="JsonData" finished-at="2025-07-14T14:27:34 IST" duration-ms="107" status="PASS">
          <params>
            <param index="0">
              <value>
                <![CDATA[pojos.Credentials@2c282004]]>
              </value>
            </param>
          </params>
          <reporter-output>
          </reporter-output>
        </test-method> <!-- LoginTest -->
        <test-method signature="LoginTest(pojos.Credentials)[pri:0, instance:SauceDemoTests.SauceTest@15ff3e9e]" started-at="2025-07-14T14:27:34 IST" name="LoginTest" data-provider="JsonData" finished-at="2025-07-14T14:27:35 IST" duration-ms="104" status="PASS">
          <params>
            <param index="0">
              <value>
                <![CDATA[pojos.Credentials@46292372]]>
              </value>
            </param>
          </params>
          <reporter-output>
          </reporter-output>
        </test-method> <!-- LoginTest -->
        <test-method is-config="true" signature="tearDown()[pri:0, instance:SauceDemoTests.SauceTest@15ff3e9e]" started-at="2025-07-14T14:27:35 IST" name="tearDown" finished-at="2025-07-14T14:27:35 IST" duration-ms="102" status="PASS">
          <reporter-output>
          </reporter-output>
        </test-method> <!-- tearDown -->
      </class> <!-- SauceDemoTests.SauceTest -->
    </test> <!-- Default test -->
  </suite> <!-- Default suite -->
</testng-results>
